{"message":"Route found for /_default/ : controllers\\IndexController/index","context":{"context":"Router","part":"getRouteUrlParts","extra":null},"level":200,"level_name":"INFO","channel":"s5e8f16a2825f0","datetime":"2020-04-09T14:38:59.700419+02:00","extra":{}}
{"message":"Route found for /_default/ : controllers\\IndexController/index","context":{"context":"Router","part":"getRouteUrlParts","extra":null},"level":200,"level_name":"INFO","channel":"s5e8f16a2825f0","datetime":"2020-04-09T14:39:34.930425+02:00","extra":{}}
{"message":"No route found for /Admin/","context":{"context":"Router","part":"getRoute","extra":null},"level":300,"level_name":"WARNING","channel":"s5e8f16a2825f0","datetime":"2020-04-09T14:41:51.147825+02:00","extra":{}}
{"message":"No route found for /Admin/Controllers/","context":{"context":"Router","part":"getRoute","extra":null},"level":300,"level_name":"WARNING","channel":"s5e8f16a2825f0","datetime":"2020-04-09T14:42:09.864029+02:00","extra":{}}
{"message":"No route found for /Admin/createController/","context":{"context":"Router","part":"getRoute","extra":null},"level":300,"level_name":"WARNING","channel":"s5e8f16a2825f0","datetime":"2020-04-09T14:42:20.513263+02:00","extra":{}}
{"message":"No route found for /DefaultController/","context":{"context":"Router","part":"getRoute","extra":null},"level":300,"level_name":"WARNING","channel":"s5e8f16a2825f0","datetime":"2020-04-09T14:48:23.038965+02:00","extra":{}}
{"message":"#0 C:\\Users\\Brewal\\quick-start\\vendor\\composer\\ClassLoader.php(322): Composer\\Autoload\\includeFile('C:\\\\Users\\\\Brewal...')\n#1 [internal function]: Composer\\Autoload\\ClassLoader->loadClass('controllers\\\\Def...')\n#2 [internal function]: spl_autoload_call('controllers\\\\Def...')\n#3 C:\\Users\\Brewal\\quick-start\\vendor\\phpmv\\ubiquity\\src\\Ubiquity\\controllers\\Startup.php(35): class_exists('controllers\\\\Def...', true)\n#4 C:\\Users\\Brewal\\quick-start\\vendor\\phpmv\\ubiquity\\src\\Ubiquity\\controllers\\Startup.php(140): Ubiquity\\controllers\\Startup::_getControllerInstance('controllers\\\\Def...')\n#5 C:\\Users\\Brewal\\quick-start\\vendor\\phpmv\\ubiquity\\src\\Ubiquity\\controllers\\Startup.php(109): Ubiquity\\controllers\\Startup::runAction(Array, true, true)\n#6 C:\\Users\\Brewal\\quick-start\\vendor\\phpmv\\ubiquity\\src\\Ubiquity\\controllers\\Startup.php(69): Ubiquity\\controllers\\Startup::forward('DefaultControll...')\n#7 C:\\Users\\Brewal\\quick-start\\.ubiquity\\_index.php(18): Ubiquity\\controllers\\Startup::run(Array)\n#8 C:\\Users\\Brewal\\quick-start\\.ubiquity\\.htrouter.php(5): include_once('C:\\\\Users\\\\Brewal...')\n#9 {main}","context":{"context":"Startup","part":"runAction","extra":null},"level":300,"level_name":"WARNING","channel":"s5e8f16a2825f0","datetime":"2020-04-09T14:48:23.083969+02:00","extra":{}}
{"message":"No route found for /DefaultController/","context":{"context":"Router","part":"getRoute","extra":null},"level":300,"level_name":"WARNING","channel":"s5e8f16a2825f0","datetime":"2020-04-09T14:48:35.999829+02:00","extra":{}}
{"message":"No route found for /DefaultController/","context":{"context":"Router","part":"getRoute","extra":null},"level":300,"level_name":"WARNING","channel":"s5e8f16a2825f0","datetime":"2020-04-09T14:56:16.432179+02:00","extra":{}}
{"message":"No route found for /hello/","context":{"context":"Router","part":"getRoute","extra":null},"level":300,"level_name":"WARNING","channel":"s5e8f16a2825f0","datetime":"2020-04-09T14:56:20.616787+02:00","extra":{}}
{"message":"The controller `controllers\\hello` doesn't exists! <br/>","context":{"context":"Startup","part":"runAction","extra":null},"level":300,"level_name":"WARNING","channel":"s5e8f16a2825f0","datetime":"2020-04-09T14:56:20.617415+02:00","extra":{}}
{"message":"No route found for /DefaultController/","context":{"context":"Router","part":"getRoute","extra":null},"level":300,"level_name":"WARNING","channel":"s5e8f16a2825f0","datetime":"2020-04-09T14:56:48.822197+02:00","extra":{}}
{"message":"No route found for /DefaultController/hello/","context":{"context":"Router","part":"getRoute","extra":null},"level":300,"level_name":"WARNING","channel":"s5e8f16a2825f0","datetime":"2020-04-09T14:56:52.295822+02:00","extra":{}}
{"message":"#0 C:\\Users\\Brewal\\quick-start\\vendor\\phpmv\\ubiquity\\src\\Ubiquity\\controllers\\Startup.php(109): Ubiquity\\controllers\\Startup::runAction(Array, true, true)\n#1 C:\\Users\\Brewal\\quick-start\\vendor\\phpmv\\ubiquity\\src\\Ubiquity\\controllers\\Startup.php(69): Ubiquity\\controllers\\Startup::forward('DefaultControll...')\n#2 C:\\Users\\Brewal\\quick-start\\.ubiquity\\_index.php(18): Ubiquity\\controllers\\Startup::run(Array)\n#3 C:\\Users\\Brewal\\quick-start\\.ubiquity\\.htrouter.php(5): include_once('C:\\\\Users\\\\Brewal...')\n#4 {main}","context":{"context":"Startup","part":"runAction","extra":null},"level":300,"level_name":"WARNING","channel":"s5e8f16a2825f0","datetime":"2020-04-09T14:56:52.348735+02:00","extra":{}}
{"message":"#0 C:\\Users\\Brewal\\quick-start\\vendor\\phpmv\\ubiquity\\src\\Ubiquity\\controllers\\Startup.php(109): Ubiquity\\controllers\\Startup::runAction(Array, true, true)\n#1 C:\\Users\\Brewal\\quick-start\\vendor\\phpmv\\ubiquity\\src\\Ubiquity\\controllers\\Startup.php(69): Ubiquity\\controllers\\Startup::forward('DefaultControll...')\n#2 C:\\Users\\Brewal\\quick-start\\.ubiquity\\_index.php(18): Ubiquity\\controllers\\Startup::run(Array)\n#3 C:\\Users\\Brewal\\quick-start\\.ubiquity\\.htrouter.php(5): include_once('C:\\\\Users\\\\Brewal...')\n#4 {main}","context":{"context":"Startup","part":"runAction","extra":null},"level":300,"level_name":"WARNING","channel":"s5e8f16a2825f0","datetime":"2020-04-09T14:56:52.348812+02:00","extra":{}}
{"message":"No route found for /Admin/Routes/","context":{"context":"Router","part":"getRoute","extra":null},"level":300,"level_name":"WARNING","channel":"s5e8f16a2825f0","datetime":"2020-04-09T14:58:17.298795+02:00","extra":{}}
{"message":"No route found for /Admin/_initCacheRouter/","context":{"context":"Router","part":"getRoute","extra":null},"level":300,"level_name":"WARNING","channel":"s5e8f16a2825f0","datetime":"2020-04-09T14:58:38.159977+02:00","extra":{}}
{"message":"No route found for /Admin/_runAction/","context":{"context":"Router","part":"getRoute","extra":null},"level":300,"level_name":"WARNING","channel":"s5e8f16a2825f0","datetime":"2020-04-09T14:59:27.402714+02:00","extra":{}}
{"message":"Route found for /hello/(index/)? : controllers\\DefaultController/index","context":{"context":"Router","part":"getRouteUrlParts","extra":null},"level":200,"level_name":"INFO","channel":"s5e8f16a2825f0","datetime":"2020-04-09T14:59:27.503682+02:00","extra":{}}
{"message":"Route found for /hello/(index/)? : controllers\\DefaultController/index","context":{"context":"Router","part":"getRouteUrlParts","extra":null},"level":200,"level_name":"INFO","channel":"s5e8f16a2825f0","datetime":"2020-04-09T14:59:42.391316+02:00","extra":{}}
{"message":"No route found for /Admin/Controllers/","context":{"context":"Router","part":"getRoute","extra":null},"level":300,"level_name":"WARNING","channel":"s5e8f16a2825f0","datetime":"2020-04-09T15:00:28.976687+02:00","extra":{}}
{"message":"No route found for /Admin/_newActionFrm/","context":{"context":"Router","part":"getRoute","extra":null},"level":300,"level_name":"WARNING","channel":"s5e8f16a2825f0","datetime":"2020-04-09T15:00:45.873783+02:00","extra":{}}
{"message":"No route found for /Admin/_methodExists/","context":{"context":"Router","part":"getRoute","extra":null},"level":300,"level_name":"WARNING","channel":"s5e8f16a2825f0","datetime":"2020-04-09T15:00:50.669369+02:00","extra":{}}
{"message":"No route found for /Admin/_methodExists/","context":{"context":"Router","part":"getRoute","extra":null},"level":300,"level_name":"WARNING","channel":"s5e8f16a2825f0","datetime":"2020-04-09T15:01:07.508496+02:00","extra":{}}
{"message":"No route found for /Admin/_methodExists/","context":{"context":"Router","part":"getRoute","extra":null},"level":300,"level_name":"WARNING","channel":"s5e8f16a2825f0","datetime":"2020-04-09T15:01:10.057814+02:00","extra":{}}
{"message":"No route found for /Admin/_methodExists/","context":{"context":"Router","part":"getRoute","extra":null},"level":300,"level_name":"WARNING","channel":"s5e8f16a2825f0","datetime":"2020-04-09T15:01:14.749943+02:00","extra":{}}
{"message":"No route found for /Admin/_methodExists/","context":{"context":"Router","part":"getRoute","extra":null},"level":300,"level_name":"WARNING","channel":"s5e8f16a2825f0","datetime":"2020-04-09T15:01:17.632964+02:00","extra":{}}
{"message":"No route found for /Admin/_checkContent/","context":{"context":"Router","part":"getRoute","extra":null},"level":300,"level_name":"WARNING","channel":"s5e8f16a2825f0","datetime":"2020-04-09T15:01:20.323065+02:00","extra":{}}
{"message":"No route found for /Admin/_checkContent/","context":{"context":"Router","part":"getRoute","extra":null},"level":300,"level_name":"WARNING","channel":"s5e8f16a2825f0","datetime":"2020-04-09T15:01:27.487707+02:00","extra":{}}
{"message":"No route found for /Admin/_checkContent/","context":{"context":"Router","part":"getRoute","extra":null},"level":300,"level_name":"WARNING","channel":"s5e8f16a2825f0","datetime":"2020-04-09T15:01:34.789410+02:00","extra":{}}
{"message":"No route found for /Admin/_checkContent/","context":{"context":"Router","part":"getRoute","extra":null},"level":300,"level_name":"WARNING","channel":"s5e8f16a2825f0","datetime":"2020-04-09T15:01:35.932159+02:00","extra":{}}
{"message":"No route found for /Admin/_checkContent/","context":{"context":"Router","part":"getRoute","extra":null},"level":300,"level_name":"WARNING","channel":"s5e8f16a2825f0","datetime":"2020-04-09T15:01:36.436500+02:00","extra":{}}
{"message":"No route found for /Admin/_checkContent/","context":{"context":"Router","part":"getRoute","extra":null},"level":300,"level_name":"WARNING","channel":"s5e8f16a2825f0","datetime":"2020-04-09T15:01:37.972779+02:00","extra":{}}
{"message":"No route found for /Admin/_checkContent/","context":{"context":"Router","part":"getRoute","extra":null},"level":300,"level_name":"WARNING","channel":"s5e8f16a2825f0","datetime":"2020-04-09T15:01:41.060443+02:00","extra":{}}
{"message":"No route found for /Admin/_checkContent/","context":{"context":"Router","part":"getRoute","extra":null},"level":300,"level_name":"WARNING","channel":"s5e8f16a2825f0","datetime":"2020-04-09T15:01:41.596038+02:00","extra":{}}
{"message":"No route found for /Admin/_checkContent/","context":{"context":"Router","part":"getRoute","extra":null},"level":300,"level_name":"WARNING","channel":"s5e8f16a2825f0","datetime":"2020-04-09T15:01:42.689113+02:00","extra":{}}
{"message":"No route found for /Admin/_checkContent/","context":{"context":"Router","part":"getRoute","extra":null},"level":300,"level_name":"WARNING","channel":"s5e8f16a2825f0","datetime":"2020-04-09T15:01:43.478988+02:00","extra":{}}
{"message":"No route found for /Admin/_checkContent/","context":{"context":"Router","part":"getRoute","extra":null},"level":300,"level_name":"WARNING","channel":"s5e8f16a2825f0","datetime":"2020-04-09T15:01:44.150170+02:00","extra":{}}
{"message":"No route found for /Admin/_checkContent/","context":{"context":"Router","part":"getRoute","extra":null},"level":300,"level_name":"WARNING","channel":"s5e8f16a2825f0","datetime":"2020-04-09T15:01:46.188395+02:00","extra":{}}
{"message":"No route found for /Admin/_addRouteWithNewAction/","context":{"context":"Router","part":"getRoute","extra":null},"level":300,"level_name":"WARNING","channel":"s5e8f16a2825f0","datetime":"2020-04-09T15:01:54.136755+02:00","extra":{}}
{"message":"No route found for /Admin/_checkContent/","context":{"context":"Router","part":"getRoute","extra":null},"level":300,"level_name":"WARNING","channel":"s5e8f16a2825f0","datetime":"2020-04-09T15:02:30.010180+02:00","extra":{}}
{"message":"No route found for /Admin/_checkContent/","context":{"context":"Router","part":"getRoute","extra":null},"level":300,"level_name":"WARNING","channel":"s5e8f16a2825f0","datetime":"2020-04-09T15:02:32.152716+02:00","extra":{}}
{"message":"No route found for /Admin/_methodExists/","context":{"context":"Router","part":"getRoute","extra":null},"level":300,"level_name":"WARNING","channel":"s5e8f16a2825f0","datetime":"2020-04-09T15:02:35.519640+02:00","extra":{}}
{"message":"No route found for /Admin/_checkContent/","context":{"context":"Router","part":"getRoute","extra":null},"level":300,"level_name":"WARNING","channel":"s5e8f16a2825f0","datetime":"2020-04-09T15:02:36.359610+02:00","extra":{}}
{"message":"No route found for /Admin/_methodExists/","context":{"context":"Router","part":"getRoute","extra":null},"level":300,"level_name":"WARNING","channel":"s5e8f16a2825f0","datetime":"2020-04-09T15:02:40.018067+02:00","extra":{}}
{"message":"No route found for /Admin/_checkContent/","context":{"context":"Router","part":"getRoute","extra":null},"level":300,"level_name":"WARNING","channel":"s5e8f16a2825f0","datetime":"2020-04-09T15:02:43.996902+02:00","extra":{}}
{"message":"No route found for /Admin/_checkContent/","context":{"context":"Router","part":"getRoute","extra":null},"level":300,"level_name":"WARNING","channel":"s5e8f16a2825f0","datetime":"2020-04-09T15:02:47.242155+02:00","extra":{}}
{"message":"No route found for /Admin/_checkContent/","context":{"context":"Router","part":"getRoute","extra":null},"level":300,"level_name":"WARNING","channel":"s5e8f16a2825f0","datetime":"2020-04-09T15:02:54.649731+02:00","extra":{}}
{"message":"No route found for /Admin/_methodExists/","context":{"context":"Router","part":"getRoute","extra":null},"level":300,"level_name":"WARNING","channel":"s5e8f16a2825f0","datetime":"2020-04-09T15:02:57.238318+02:00","extra":{}}
{"message":"No route found for /Admin/_methodExists/","context":{"context":"Router","part":"getRoute","extra":null},"level":300,"level_name":"WARNING","channel":"s5e8f16a2825f0","datetime":"2020-04-09T15:03:44.940903+02:00","extra":{}}
{"message":"No route found for /Admin/_checkContent/","context":{"context":"Router","part":"getRoute","extra":null},"level":300,"level_name":"WARNING","channel":"s5e8f16a2825f0","datetime":"2020-04-09T15:03:50.813808+02:00","extra":{}}
{"message":"No route found for /Admin/_checkContent/","context":{"context":"Router","part":"getRoute","extra":null},"level":300,"level_name":"WARNING","channel":"s5e8f16a2825f0","datetime":"2020-04-09T15:04:05.907902+02:00","extra":{}}
{"message":"No route found for /Admin/_checkContent/","context":{"context":"Router","part":"getRoute","extra":null},"level":300,"level_name":"WARNING","channel":"s5e8f16a2825f0","datetime":"2020-04-09T15:04:08.592731+02:00","extra":{}}
{"message":"No route found for /Admin/_checkContent/","context":{"context":"Router","part":"getRoute","extra":null},"level":300,"level_name":"WARNING","channel":"s5e8f16a2825f0","datetime":"2020-04-09T15:04:09.164216+02:00","extra":{}}
{"message":"No route found for /Admin/_checkContent/","context":{"context":"Router","part":"getRoute","extra":null},"level":300,"level_name":"WARNING","channel":"s5e8f16a2825f0","datetime":"2020-04-09T15:04:09.706759+02:00","extra":{}}
{"message":"No route found for /Admin/_checkContent/","context":{"context":"Router","part":"getRoute","extra":null},"level":300,"level_name":"WARNING","channel":"s5e8f16a2825f0","datetime":"2020-04-09T15:04:10.692517+02:00","extra":{}}
{"message":"No route found for /Admin/_checkContent/","context":{"context":"Router","part":"getRoute","extra":null},"level":300,"level_name":"WARNING","channel":"s5e8f16a2825f0","datetime":"2020-04-09T15:04:12.059894+02:00","extra":{}}
{"message":"No route found for /Admin/_checkContent/","context":{"context":"Router","part":"getRoute","extra":null},"level":300,"level_name":"WARNING","channel":"s5e8f16a2825f0","datetime":"2020-04-09T15:04:13.134670+02:00","extra":{}}
{"message":"No route found for /Admin/_checkContent/","context":{"context":"Router","part":"getRoute","extra":null},"level":300,"level_name":"WARNING","channel":"s5e8f16a2825f0","datetime":"2020-04-09T15:04:26.264683+02:00","extra":{}}
{"message":"No route found for /Admin/_checkContent/","context":{"context":"Router","part":"getRoute","extra":null},"level":300,"level_name":"WARNING","channel":"s5e8f16a2825f0","datetime":"2020-04-09T15:04:30.067275+02:00","extra":{}}
{"message":"No route found for /Admin/_checkContent/","context":{"context":"Router","part":"getRoute","extra":null},"level":300,"level_name":"WARNING","channel":"s5e8f16a2825f0","datetime":"2020-04-09T15:04:33.525292+02:00","extra":{}}
{"message":"No route found for /Admin/_checkContent/","context":{"context":"Router","part":"getRoute","extra":null},"level":300,"level_name":"WARNING","channel":"s5e8f16a2825f0","datetime":"2020-04-09T15:04:34.716392+02:00","extra":{}}
{"message":"No route found for /Admin/_checkContent/","context":{"context":"Router","part":"getRoute","extra":null},"level":300,"level_name":"WARNING","channel":"s5e8f16a2825f0","datetime":"2020-04-09T15:04:37.499008+02:00","extra":{}}
{"message":"No route found for /Admin/_checkContent/","context":{"context":"Router","part":"getRoute","extra":null},"level":300,"level_name":"WARNING","channel":"s5e8f16a2825f0","datetime":"2020-04-09T15:04:38.096541+02:00","extra":{}}
{"message":"No route found for /Admin/_checkContent/","context":{"context":"Router","part":"getRoute","extra":null},"level":300,"level_name":"WARNING","channel":"s5e8f16a2825f0","datetime":"2020-04-09T15:04:38.836247+02:00","extra":{}}
{"message":"No route found for /Admin/_checkContent/","context":{"context":"Router","part":"getRoute","extra":null},"level":300,"level_name":"WARNING","channel":"s5e8f16a2825f0","datetime":"2020-04-09T15:04:39.506771+02:00","extra":{}}
{"message":"No route found for /Admin/_checkContent/","context":{"context":"Router","part":"getRoute","extra":null},"level":300,"level_name":"WARNING","channel":"s5e8f16a2825f0","datetime":"2020-04-09T15:04:40.620137+02:00","extra":{}}
{"message":"No route found for /Admin/_checkContent/","context":{"context":"Router","part":"getRoute","extra":null},"level":300,"level_name":"WARNING","channel":"s5e8f16a2825f0","datetime":"2020-04-09T15:04:43.354964+02:00","extra":{}}
{"message":"No route found for /Admin/_checkContent/","context":{"context":"Router","part":"getRoute","extra":null},"level":300,"level_name":"WARNING","channel":"s5e8f16a2825f0","datetime":"2020-04-09T15:04:43.959457+02:00","extra":{}}
{"message":"No route found for /Admin/_checkContent/","context":{"context":"Router","part":"getRoute","extra":null},"level":300,"level_name":"WARNING","channel":"s5e8f16a2825f0","datetime":"2020-04-09T15:04:47.842702+02:00","extra":{}}
{"message":"No route found for /Admin/_checkContent/","context":{"context":"Router","part":"getRoute","extra":null},"level":300,"level_name":"WARNING","channel":"s5e8f16a2825f0","datetime":"2020-04-09T15:04:49.498162+02:00","extra":{}}
{"message":"No route found for /Admin/_checkContent/","context":{"context":"Router","part":"getRoute","extra":null},"level":300,"level_name":"WARNING","channel":"s5e8f16a2825f0","datetime":"2020-04-09T15:04:50.167570+02:00","extra":{}}
{"message":"No route found for /Admin/_checkContent/","context":{"context":"Router","part":"getRoute","extra":null},"level":300,"level_name":"WARNING","channel":"s5e8f16a2825f0","datetime":"2020-04-09T15:04:53.292128+02:00","extra":{}}
{"message":"No route found for /Admin/_checkContent/","context":{"context":"Router","part":"getRoute","extra":null},"level":300,"level_name":"WARNING","channel":"s5e8f16a2825f0","datetime":"2020-04-09T15:04:54.340010+02:00","extra":{}}
{"message":"No route found for /Admin/_checkContent/","context":{"context":"Router","part":"getRoute","extra":null},"level":300,"level_name":"WARNING","channel":"s5e8f16a2825f0","datetime":"2020-04-09T15:04:55.330762+02:00","extra":{}}
{"message":"No route found for /Admin/_checkContent/","context":{"context":"Router","part":"getRoute","extra":null},"level":300,"level_name":"WARNING","channel":"s5e8f16a2825f0","datetime":"2020-04-09T15:04:57.683552+02:00","extra":{}}
{"message":"No route found for /Admin/_checkContent/","context":{"context":"Router","part":"getRoute","extra":null},"level":300,"level_name":"WARNING","channel":"s5e8f16a2825f0","datetime":"2020-04-09T15:04:59.293042+02:00","extra":{}}
{"message":"No route found for /Admin/_methodExists/","context":{"context":"Router","part":"getRoute","extra":null},"level":300,"level_name":"WARNING","channel":"s5e8f16a2825f0","datetime":"2020-04-09T15:05:31.842108+02:00","extra":{}}
{"message":"No route found for /Admin/_methodExists/","context":{"context":"Router","part":"getRoute","extra":null},"level":300,"level_name":"WARNING","channel":"s5e8f16a2825f0","datetime":"2020-04-09T15:05:34.578282+02:00","extra":{}}
{"message":"No route found for /Admin/_methodExists/","context":{"context":"Router","part":"getRoute","extra":null},"level":300,"level_name":"WARNING","channel":"s5e8f16a2825f0","datetime":"2020-04-09T15:05:40.645808+02:00","extra":{}}
{"message":"No route found for /Admin/_newActionFrm/","context":{"context":"Router","part":"getRoute","extra":null},"level":300,"level_name":"WARNING","channel":"s5e8f16a2825f0","datetime":"2020-04-09T15:05:41.704248+02:00","extra":{}}
{"message":"No route found for /Admin/_methodExists/","context":{"context":"Router","part":"getRoute","extra":null},"level":300,"level_name":"WARNING","channel":"s5e8f16a2825f0","datetime":"2020-04-09T15:05:49.936857+02:00","extra":{}}
{"message":"No route found for /Admin/_checkContent/","context":{"context":"Router","part":"getRoute","extra":null},"level":300,"level_name":"WARNING","channel":"s5e8f16a2825f0","datetime":"2020-04-09T15:06:22.148648+02:00","extra":{}}
{"message":"No route found for /Admin/_checkContent/","context":{"context":"Router","part":"getRoute","extra":null},"level":300,"level_name":"WARNING","channel":"s5e8f16a2825f0","datetime":"2020-04-09T15:06:26.866363+02:00","extra":{}}
{"message":"No route found for /Admin/_checkContent/","context":{"context":"Router","part":"getRoute","extra":null},"level":300,"level_name":"WARNING","channel":"s5e8f16a2825f0","datetime":"2020-04-09T15:06:40.333650+02:00","extra":{}}
{"message":"No route found for /Admin/_checkContent/","context":{"context":"Router","part":"getRoute","extra":null},"level":300,"level_name":"WARNING","channel":"s5e8f16a2825f0","datetime":"2020-04-09T15:06:40.931084+02:00","extra":{}}
{"message":"No route found for /Admin/_checkContent/","context":{"context":"Router","part":"getRoute","extra":null},"level":300,"level_name":"WARNING","channel":"s5e8f16a2825f0","datetime":"2020-04-09T15:06:41.603267+02:00","extra":{}}
{"message":"No route found for /Admin/_checkContent/","context":{"context":"Router","part":"getRoute","extra":null},"level":300,"level_name":"WARNING","channel":"s5e8f16a2825f0","datetime":"2020-04-09T15:06:42.276803+02:00","extra":{}}
{"message":"No route found for /Admin/_checkContent/","context":{"context":"Router","part":"getRoute","extra":null},"level":300,"level_name":"WARNING","channel":"s5e8f16a2825f0","datetime":"2020-04-09T15:06:42.874156+02:00","extra":{}}
{"message":"No route found for /Admin/_checkContent/","context":{"context":"Router","part":"getRoute","extra":null},"level":300,"level_name":"WARNING","channel":"s5e8f16a2825f0","datetime":"2020-04-09T15:06:44.179057+02:00","extra":{}}
{"message":"No route found for /Admin/_checkContent/","context":{"context":"Router","part":"getRoute","extra":null},"level":300,"level_name":"WARNING","channel":"s5e8f16a2825f0","datetime":"2020-04-09T15:06:44.722533+02:00","extra":{}}
{"message":"No route found for /Admin/_checkContent/","context":{"context":"Router","part":"getRoute","extra":null},"level":300,"level_name":"WARNING","channel":"s5e8f16a2825f0","datetime":"2020-04-09T15:06:45.331788+02:00","extra":{}}
{"message":"No route found for /Admin/_checkContent/","context":{"context":"Router","part":"getRoute","extra":null},"level":300,"level_name":"WARNING","channel":"s5e8f16a2825f0","datetime":"2020-04-09T15:06:45.929414+02:00","extra":{}}
{"message":"No route found for /Admin/_checkContent/","context":{"context":"Router","part":"getRoute","extra":null},"level":300,"level_name":"WARNING","channel":"s5e8f16a2825f0","datetime":"2020-04-09T15:06:51.540062+02:00","extra":{}}
{"message":"No route found for /Admin/_checkContent/","context":{"context":"Router","part":"getRoute","extra":null},"level":300,"level_name":"WARNING","channel":"s5e8f16a2825f0","datetime":"2020-04-09T15:06:52.238141+02:00","extra":{}}
{"message":"No route found for /Admin/_checkContent/","context":{"context":"Router","part":"getRoute","extra":null},"level":300,"level_name":"WARNING","channel":"s5e8f16a2825f0","datetime":"2020-04-09T15:06:53.445873+02:00","extra":{}}
{"message":"No route found for /Admin/_checkContent/","context":{"context":"Router","part":"getRoute","extra":null},"level":300,"level_name":"WARNING","channel":"s5e8f16a2825f0","datetime":"2020-04-09T15:07:00.559952+02:00","extra":{}}
{"message":"No route found for /Admin/_addRouteWithNewAction/","context":{"context":"Router","part":"getRoute","extra":null},"level":300,"level_name":"WARNING","channel":"s5e8f16a2825f0","datetime":"2020-04-09T15:07:00.833316+02:00","extra":{}}
{"message":"No route found for /Admin/_checkRoute/","context":{"context":"Router","part":"getRoute","extra":null},"level":300,"level_name":"WARNING","channel":"s5e8f16a2825f0","datetime":"2020-04-09T15:07:17.078537+02:00","extra":{}}
{"message":"No route found for /Admin/_checkRoute/","context":{"context":"Router","part":"getRoute","extra":null},"level":300,"level_name":"WARNING","channel":"s5e8f16a2825f0","datetime":"2020-04-09T15:07:22.167571+02:00","extra":{}}
{"message":"No route found for /Admin/_checkRoute/","context":{"context":"Router","part":"getRoute","extra":null},"level":300,"level_name":"WARNING","channel":"s5e8f16a2825f0","datetime":"2020-04-09T15:07:26.211283+02:00","extra":{}}
{"message":"No route found for /Admin/_checkRoute/","context":{"context":"Router","part":"getRoute","extra":null},"level":300,"level_name":"WARNING","channel":"s5e8f16a2825f0","datetime":"2020-04-09T15:07:28.065584+02:00","extra":{}}
{"message":"No route found for /Admin/_checkContent/","context":{"context":"Router","part":"getRoute","extra":null},"level":300,"level_name":"WARNING","channel":"s5e8f16a2825f0","datetime":"2020-04-09T15:07:28.157124+02:00","extra":{}}
{"message":"No route found for /Admin/_methodExists/","context":{"context":"Router","part":"getRoute","extra":null},"level":300,"level_name":"WARNING","channel":"s5e8f16a2825f0","datetime":"2020-04-09T15:07:28.411363+02:00","extra":{}}
{"message":"No route found for /Admin/_checkRoute/","context":{"context":"Router","part":"getRoute","extra":null},"level":300,"level_name":"WARNING","channel":"s5e8f16a2825f0","datetime":"2020-04-09T15:07:28.503976+02:00","extra":{}}
{"message":"No route found for /Admin/_newAction/","context":{"context":"Router","part":"getRoute","extra":null},"level":300,"level_name":"WARNING","channel":"s5e8f16a2825f0","datetime":"2020-04-09T15:07:28.598120+02:00","extra":{}}
{"message":"No route found for /Admin/_refreshControllers/refresh/","context":{"context":"Router","part":"getRoute","extra":null},"level":300,"level_name":"WARNING","channel":"s5e8f16a2825f0","datetime":"2020-04-09T15:07:28.889238+02:00","extra":{}}
{"message":"No route found for /Admin/_refreshCacheControllers/","context":{"context":"Router","part":"getRoute","extra":null},"level":300,"level_name":"WARNING","channel":"s5e8f16a2825f0","datetime":"2020-04-09T15:07:33.907461+02:00","extra":{}}
{"message":"No route found for /Admin/_refreshControllers/refresh/","context":{"context":"Router","part":"getRoute","extra":null},"level":300,"level_name":"WARNING","channel":"s5e8f16a2825f0","datetime":"2020-04-09T15:07:34.042727+02:00","extra":{}}
{"message":"No route found for /Admin/_newActionFrm/","context":{"context":"Router","part":"getRoute","extra":null},"level":300,"level_name":"WARNING","channel":"s5e8f16a2825f0","datetime":"2020-04-09T15:07:44.178190+02:00","extra":{}}
{"message":"No route found for /Admin/routes/","context":{"context":"Router","part":"getRoute","extra":null},"level":300,"level_name":"WARNING","channel":"s5e8f16a2825f0","datetime":"2020-04-09T15:07:51.928837+02:00","extra":{}}
{"message":"Route found for /hello/(index/)? : controllers\\DefaultController/index","context":{"context":"Router","part":"getRouteUrlParts","extra":null},"level":200,"level_name":"INFO","channel":"s5e8f16a2825f0","datetime":"2020-04-09T15:08:59.024438+02:00","extra":{}}
{"message":"No route found for /to/Brewal/","context":{"context":"Router","part":"getRoute","extra":null},"level":300,"level_name":"WARNING","channel":"s5e8f16a2825f0","datetime":"2020-04-09T15:09:04.339769+02:00","extra":{}}
{"message":"The controller `controllers\\to` doesn't exists! <br/>","context":{"context":"Startup","part":"runAction","extra":null},"level":300,"level_name":"WARNING","channel":"s5e8f16a2825f0","datetime":"2020-04-09T15:09:04.340432+02:00","extra":{}}
{"message":"No route found for /Admin/_runAction/","context":{"context":"Router","part":"getRoute","extra":null},"level":300,"level_name":"WARNING","channel":"s5e8f16a2825f0","datetime":"2020-04-09T15:09:08.982367+02:00","extra":{}}
{"message":"Route found for /hello/(index/)? : controllers\\DefaultController/index","context":{"context":"Router","part":"getRouteUrlParts","extra":null},"level":200,"level_name":"INFO","channel":"s5e8f16a2825f0","datetime":"2020-04-09T15:09:09.085772+02:00","extra":{}}
{"message":"No route found for /Admin/_runAction/","context":{"context":"Router","part":"getRoute","extra":null},"level":300,"level_name":"WARNING","channel":"s5e8f16a2825f0","datetime":"2020-04-09T15:09:11.926488+02:00","extra":{}}
{"message":"No route found for /Admin/_runAction/frmGetParams/","context":{"context":"Router","part":"getRoute","extra":null},"level":300,"level_name":"WARNING","channel":"s5e8f16a2825f0","datetime":"2020-04-09T15:09:17.061044+02:00","extra":{}}
{"message":"Route found for /hello/to/(.+?)/ : controllers\\DefaultController/disBonjour","context":{"context":"Router","part":"getRouteUrlParts","extra":null},"level":200,"level_name":"INFO","channel":"s5e8f16a2825f0","datetime":"2020-04-09T15:09:17.182110+02:00","extra":{}}
{"message":"No route found for /hello/to/","context":{"context":"Router","part":"getRoute","extra":null},"level":300,"level_name":"WARNING","channel":"s5e8f16a2825f0","datetime":"2020-04-09T15:10:04.587870+02:00","extra":{}}
{"message":"The controller `controllers\\hello` doesn't exists! <br/>","context":{"context":"Startup","part":"runAction","extra":null},"level":300,"level_name":"WARNING","channel":"s5e8f16a2825f0","datetime":"2020-04-09T15:10:04.588759+02:00","extra":{}}
{"message":"Route found for /hello/to/(.+?)/ : controllers\\DefaultController/disBonjour","context":{"context":"Router","part":"getRouteUrlParts","extra":null},"level":200,"level_name":"INFO","channel":"s5e8f16a2825f0","datetime":"2020-04-09T15:10:09.150870+02:00","extra":{}}
{"message":"No route found for /Admin/_runAction/","context":{"context":"Router","part":"getRoute","extra":null},"level":300,"level_name":"WARNING","channel":"s5e8f16a2825f0","datetime":"2020-04-09T15:10:44.411702+02:00","extra":{}}
{"message":"No route found for /Admin/_runAction/frmGetParams/","context":{"context":"Router","part":"getRoute","extra":null},"level":300,"level_name":"WARNING","channel":"s5e8f16a2825f0","datetime":"2020-04-09T15:10:47.349674+02:00","extra":{}}
{"message":"Route found for /hello/to/(.+?)/ : controllers\\DefaultController/disBonjour","context":{"context":"Router","part":"getRouteUrlParts","extra":null},"level":200,"level_name":"INFO","channel":"s5e8f16a2825f0","datetime":"2020-04-09T15:10:47.448273+02:00","extra":{}}
{"message":"No route found for /Admin/_runAction/","context":{"context":"Router","part":"getRoute","extra":null},"level":300,"level_name":"WARNING","channel":"s5e8f16a2825f0","datetime":"2020-04-09T15:10:57.319701+02:00","extra":{}}
{"message":"No route found for /Admin/_runAction/frmGetParams/","context":{"context":"Router","part":"getRoute","extra":null},"level":300,"level_name":"WARNING","channel":"s5e8f16a2825f0","datetime":"2020-04-09T15:10:59.285169+02:00","extra":{}}
{"message":"Route found for /hello/to/(.+?)/ : controllers\\DefaultController/disBonjour","context":{"context":"Router","part":"getRouteUrlParts","extra":null},"level":200,"level_name":"INFO","channel":"s5e8f16a2825f0","datetime":"2020-04-09T15:10:59.383564+02:00","extra":{}}
{"message":"Route found for /hello/(index/)? : controllers\\DefaultController/index","context":{"context":"Router","part":"getRouteUrlParts","extra":null},"level":200,"level_name":"INFO","channel":"s5e8f16a2825f0","datetime":"2020-04-09T15:11:17.105080+02:00","extra":{}}
{"message":"No route found for /hello/to/","context":{"context":"Router","part":"getRoute","extra":null},"level":300,"level_name":"WARNING","channel":"s5e8f16a2825f0","datetime":"2020-04-09T15:11:21.604120+02:00","extra":{}}
{"message":"The controller `controllers\\hello` doesn't exists! <br/>","context":{"context":"Startup","part":"runAction","extra":null},"level":300,"level_name":"WARNING","channel":"s5e8f16a2825f0","datetime":"2020-04-09T15:11:21.605010+02:00","extra":{}}
{"message":"No route found for /hello/to/","context":{"context":"Router","part":"getRoute","extra":null},"level":300,"level_name":"WARNING","channel":"s5e8f16a2825f0","datetime":"2020-04-09T15:11:25.456220+02:00","extra":{}}
{"message":"The controller `controllers\\hello` doesn't exists! <br/>","context":{"context":"Startup","part":"runAction","extra":null},"level":300,"level_name":"WARNING","channel":"s5e8f16a2825f0","datetime":"2020-04-09T15:11:25.456817+02:00","extra":{}}
{"message":"No route found for /hello/to/","context":{"context":"Router","part":"getRoute","extra":null},"level":300,"level_name":"WARNING","channel":"s5e8f16a2825f0","datetime":"2020-04-09T15:11:29.567640+02:00","extra":{}}
{"message":"The controller `controllers\\hello` doesn't exists! <br/>","context":{"context":"Startup","part":"runAction","extra":null},"level":300,"level_name":"WARNING","channel":"s5e8f16a2825f0","datetime":"2020-04-09T15:11:29.568548+02:00","extra":{}}
{"message":"No route found for /hello/to/","context":{"context":"Router","part":"getRoute","extra":null},"level":300,"level_name":"WARNING","channel":"s5e8f16a2825f0","datetime":"2020-04-09T15:11:33.955613+02:00","extra":{}}
{"message":"The controller `controllers\\hello` doesn't exists! <br/>","context":{"context":"Startup","part":"runAction","extra":null},"level":300,"level_name":"WARNING","channel":"s5e8f16a2825f0","datetime":"2020-04-09T15:11:33.956253+02:00","extra":{}}
{"message":"Route found for /hello/to/(.+?)/ : controllers\\DefaultController/disBonjour","context":{"context":"Router","part":"getRouteUrlParts","extra":null},"level":200,"level_name":"INFO","channel":"s5e8f16a2825f0","datetime":"2020-04-09T15:11:37.905324+02:00","extra":{}}
{"message":"Route found for /hello/to/(.+?)/ : controllers\\DefaultController/disBonjour","context":{"context":"Router","part":"getRouteUrlParts","extra":null},"level":200,"level_name":"INFO","channel":"s5e8f16a2825f0","datetime":"2020-04-09T15:11:42.965506+02:00","extra":{}}
{"message":"Route found for /hello/to/(.+?)/ : controllers\\DefaultController/disBonjour","context":{"context":"Router","part":"getRouteUrlParts","extra":null},"level":200,"level_name":"INFO","channel":"s5e8f16a2825f0","datetime":"2020-04-09T15:11:50.956413+02:00","extra":{}}
{"message":"No route found for /hello/to/","context":{"context":"Router","part":"getRoute","extra":null},"level":300,"level_name":"WARNING","channel":"s5e8f16a2825f0","datetime":"2020-04-09T15:11:55.699650+02:00","extra":{}}
{"message":"The controller `controllers\\hello` doesn't exists! <br/>","context":{"context":"Startup","part":"runAction","extra":null},"level":300,"level_name":"WARNING","channel":"s5e8f16a2825f0","datetime":"2020-04-09T15:11:55.700626+02:00","extra":{}}
{"message":"No route found for /Admin/Controllers/","context":{"context":"Router","part":"getRoute","extra":null},"level":300,"level_name":"WARNING","channel":"s5e8f16a2825f0","datetime":"2020-04-09T15:16:23.239109+02:00","extra":{}}
{"message":"No route found for /Admin/_newActionFrm/","context":{"context":"Router","part":"getRoute","extra":null},"level":300,"level_name":"WARNING","channel":"s5e8f16a2825f0","datetime":"2020-04-09T15:16:27.279958+02:00","extra":{}}
{"message":"No route found for /Admin/_methodExists/","context":{"context":"Router","part":"getRoute","extra":null},"level":300,"level_name":"WARNING","channel":"s5e8f16a2825f0","datetime":"2020-04-09T15:16:42.736215+02:00","extra":{}}
{"message":"No route found for /Admin/_methodExists/","context":{"context":"Router","part":"getRoute","extra":null},"level":300,"level_name":"WARNING","channel":"s5e8f16a2825f0","datetime":"2020-04-09T15:16:54.532616+02:00","extra":{}}
{"message":"No route found for /Admin/_checkContent/","context":{"context":"Router","part":"getRoute","extra":null},"level":300,"level_name":"WARNING","channel":"s5e8f16a2825f0","datetime":"2020-04-09T15:17:16.012017+02:00","extra":{}}
{"message":"No route found for /Admin/_addRouteWithNewAction/","context":{"context":"Router","part":"getRoute","extra":null},"level":300,"level_name":"WARNING","channel":"s5e8f16a2825f0","datetime":"2020-04-09T15:17:19.303238+02:00","extra":{}}
{"message":"No route found for /Admin/_checkRoute/","context":{"context":"Router","part":"getRoute","extra":null},"level":300,"level_name":"WARNING","channel":"s5e8f16a2825f0","datetime":"2020-04-09T15:17:46.260636+02:00","extra":{}}
{"message":"No route found for /Admin/_checkRoute/","context":{"context":"Router","part":"getRoute","extra":null},"level":300,"level_name":"WARNING","channel":"s5e8f16a2825f0","datetime":"2020-04-09T15:17:49.864883+02:00","extra":{}}
{"message":"No route found for /Admin/_checkContent/","context":{"context":"Router","part":"getRoute","extra":null},"level":300,"level_name":"WARNING","channel":"s5e8f16a2825f0","datetime":"2020-04-09T15:17:49.957444+02:00","extra":{}}
{"message":"No route found for /Admin/_methodExists/","context":{"context":"Router","part":"getRoute","extra":null},"level":300,"level_name":"WARNING","channel":"s5e8f16a2825f0","datetime":"2020-04-09T15:17:50.215638+02:00","extra":{}}
{"message":"No route found for /Admin/_checkRoute/","context":{"context":"Router","part":"getRoute","extra":null},"level":300,"level_name":"WARNING","channel":"s5e8f16a2825f0","datetime":"2020-04-09T15:17:50.311400+02:00","extra":{}}
{"message":"No route found for /Admin/_newAction/","context":{"context":"Router","part":"getRoute","extra":null},"level":300,"level_name":"WARNING","channel":"s5e8f16a2825f0","datetime":"2020-04-09T15:17:50.399899+02:00","extra":{}}
{"message":"No route found for /Admin/_refreshControllers/refresh/","context":{"context":"Router","part":"getRoute","extra":null},"level":300,"level_name":"WARNING","channel":"s5e8f16a2825f0","datetime":"2020-04-09T15:17:50.693280+02:00","extra":{}}
{"message":"No route found for /Admin/_runAction/","context":{"context":"Router","part":"getRoute","extra":null},"level":300,"level_name":"WARNING","channel":"s5e8f16a2825f0","datetime":"2020-04-09T15:17:57.672663+02:00","extra":{}}
{"message":"No route found for /Admin/_runAction/frmGetParams/","context":{"context":"Router","part":"getRoute","extra":null},"level":300,"level_name":"WARNING","channel":"s5e8f16a2825f0","datetime":"2020-04-09T15:18:01.341892+02:00","extra":{}}
{"message":"No route found for /DefaultController/information/DQOF/","context":{"context":"Router","part":"getRoute","extra":null},"level":300,"level_name":"WARNING","channel":"s5e8f16a2825f0","datetime":"2020-04-09T15:18:01.439066+02:00","extra":{}}
{"message":"No route found for /Admin/_runAction/","context":{"context":"Router","part":"getRoute","extra":null},"level":300,"level_name":"WARNING","channel":"s5e8f16a2825f0","datetime":"2020-04-09T15:18:04.975239+02:00","extra":{}}
{"message":"No route found for /Admin/_runAction/frmGetParams/","context":{"context":"Router","part":"getRoute","extra":null},"level":300,"level_name":"WARNING","channel":"s5e8f16a2825f0","datetime":"2020-04-09T15:18:08.116924+02:00","extra":{}}
{"message":"No route found for /DefaultController/information/Wsh wsh/","context":{"context":"Router","part":"getRoute","extra":null},"level":300,"level_name":"WARNING","channel":"s5e8f16a2825f0","datetime":"2020-04-09T15:18:08.214060+02:00","extra":{}}
{"message":"No route found for /Admin/Routes/","context":{"context":"Router","part":"getRoute","extra":null},"level":300,"level_name":"WARNING","channel":"s5e8f16a2825f0","datetime":"2020-04-09T15:18:43.604758+02:00","extra":{}}
{"message":"No route found for /Admin/_initCacheRouter/","context":{"context":"Router","part":"getRoute","extra":null},"level":300,"level_name":"WARNING","channel":"s5e8f16a2825f0","datetime":"2020-04-09T15:18:44.529015+02:00","extra":{}}
{"message":"No route found for /Admin/_runAction/","context":{"context":"Router","part":"getRoute","extra":null},"level":300,"level_name":"WARNING","channel":"s5e8f16a2825f0","datetime":"2020-04-09T15:19:46.271004+02:00","extra":{}}
{"message":"No route found for /Admin/_runAction/frmGetParams/","context":{"context":"Router","part":"getRoute","extra":null},"level":300,"level_name":"WARNING","channel":"s5e8f16a2825f0","datetime":"2020-04-09T15:19:48.599953+02:00","extra":{}}
{"message":"Route found for /hello/info/(.+?)/\\[/(.*?) : controllers\\DefaultController/information","context":{"context":"Router","part":"getRouteUrlParts","extra":null},"level":200,"level_name":"INFO","channel":"s5e8f16a2825f0","datetime":"2020-04-09T15:19:48.697611+02:00","extra":{}}
{"message":"No route found for /hello/info/Quick start/Ubiquity is quiet simple/","context":{"context":"Router","part":"getRoute","extra":null},"level":300,"level_name":"WARNING","channel":"s5e8f16a2825f0","datetime":"2020-04-09T15:19:59.614384+02:00","extra":{}}
{"message":"The controller `controllers\\hello` doesn't exists! <br/>","context":{"context":"Startup","part":"runAction","extra":null},"level":300,"level_name":"WARNING","channel":"s5e8f16a2825f0","datetime":"2020-04-09T15:19:59.615290+02:00","extra":{}}
{"message":"No route found for /hello/info/Quick start/Ubiquity is quiet simple/","context":{"context":"Router","part":"getRoute","extra":null},"level":300,"level_name":"WARNING","channel":"s5e8f16a2825f0","datetime":"2020-04-09T15:21:57.390277+02:00","extra":{}}
{"message":"The controller `controllers\\hello` doesn't exists! <br/>","context":{"context":"Startup","part":"runAction","extra":null},"level":300,"level_name":"WARNING","channel":"s5e8f16a2825f0","datetime":"2020-04-09T15:21:57.391026+02:00","extra":{}}
{"message":"No route found for /hello/info/Quick start/Ubiquity is quiet simple/","context":{"context":"Router","part":"getRoute","extra":null},"level":300,"level_name":"WARNING","channel":"s5e8f16a2825f0","datetime":"2020-04-09T15:21:58.147461+02:00","extra":{}}
{"message":"The controller `controllers\\hello` doesn't exists! <br/>","context":{"context":"Startup","part":"runAction","extra":null},"level":300,"level_name":"WARNING","channel":"s5e8f16a2825f0","datetime":"2020-04-09T15:21:58.148109+02:00","extra":{}}
{"message":"No route found for /hello/info/Quick start/Ubiquity is quiet simple/","context":{"context":"Router","part":"getRoute","extra":null},"level":300,"level_name":"WARNING","channel":"s5e8f16a2825f0","datetime":"2020-04-09T15:21:58.302170+02:00","extra":{}}
{"message":"The controller `controllers\\hello` doesn't exists! <br/>","context":{"context":"Startup","part":"runAction","extra":null},"level":300,"level_name":"WARNING","channel":"s5e8f16a2825f0","datetime":"2020-04-09T15:21:58.302785+02:00","extra":{}}
{"message":"No route found for /hello/info/Quick start/Ubiquity is quiet simple/","context":{"context":"Router","part":"getRoute","extra":null},"level":300,"level_name":"WARNING","channel":"s5e8f16a2825f0","datetime":"2020-04-09T15:21:58.463575+02:00","extra":{}}
{"message":"The controller `controllers\\hello` doesn't exists! <br/>","context":{"context":"Startup","part":"runAction","extra":null},"level":300,"level_name":"WARNING","channel":"s5e8f16a2825f0","datetime":"2020-04-09T15:21:58.464210+02:00","extra":{}}
{"message":"No route found for /hello/info/Quick start/Ubiquity is quiet simple/","context":{"context":"Router","part":"getRoute","extra":null},"level":300,"level_name":"WARNING","channel":"s5e8f16a2825f0","datetime":"2020-04-09T15:21:58.628548+02:00","extra":{}}
{"message":"The controller `controllers\\hello` doesn't exists! <br/>","context":{"context":"Startup","part":"runAction","extra":null},"level":300,"level_name":"WARNING","channel":"s5e8f16a2825f0","datetime":"2020-04-09T15:21:58.629366+02:00","extra":{}}
{"message":"No route found for /Admin/_runAction/","context":{"context":"Router","part":"getRoute","extra":null},"level":300,"level_name":"WARNING","channel":"s5e8f16a2825f0","datetime":"2020-04-09T15:22:21.069146+02:00","extra":{}}
{"message":"No route found for /Admin/_runAction/frmGetParams/","context":{"context":"Router","part":"getRoute","extra":null},"level":300,"level_name":"WARNING","channel":"s5e8f16a2825f0","datetime":"2020-04-09T15:22:24.181570+02:00","extra":{}}
{"message":"Route found for /hello/info/(.+?)/\\[/(.*?) : controllers\\DefaultController/information","context":{"context":"Router","part":"getRouteUrlParts","extra":null},"level":200,"level_name":"INFO","channel":"s5e8f16a2825f0","datetime":"2020-04-09T15:22:24.281555+02:00","extra":{}}
{"message":"No route found for /hello/info/Quick start/Ubiquity is quiet simple/","context":{"context":"Router","part":"getRoute","extra":null},"level":300,"level_name":"WARNING","channel":"s5e8f16a2825f0","datetime":"2020-04-09T15:22:29.730157+02:00","extra":{}}
{"message":"The controller `controllers\\hello` doesn't exists! <br/>","context":{"context":"Startup","part":"runAction","extra":null},"level":300,"level_name":"WARNING","channel":"s5e8f16a2825f0","datetime":"2020-04-09T15:22:29.730950+02:00","extra":{}}
{"message":"No route found for /info/Quick start/Ubiquity is quiet simple/","context":{"context":"Router","part":"getRoute","extra":null},"level":300,"level_name":"WARNING","channel":"s5e8f16a2825f0","datetime":"2020-04-09T15:22:33.802425+02:00","extra":{}}
{"message":"The controller `controllers\\info` doesn't exists! <br/>","context":{"context":"Startup","part":"runAction","extra":null},"level":300,"level_name":"WARNING","channel":"s5e8f16a2825f0","datetime":"2020-04-09T15:22:33.803027+02:00","extra":{}}
{"message":"No route found for /hello/info/Quick start/Ubiquity is quiet simple/","context":{"context":"Router","part":"getRoute","extra":null},"level":300,"level_name":"WARNING","channel":"s5e8f16a2825f0","datetime":"2020-04-09T15:22:50.325336+02:00","extra":{}}
{"message":"The controller `controllers\\hello` doesn't exists! <br/>","context":{"context":"Startup","part":"runAction","extra":null},"level":300,"level_name":"WARNING","channel":"s5e8f16a2825f0","datetime":"2020-04-09T15:22:50.325987+02:00","extra":{}}
{"message":"No route found for /hello/info/","context":{"context":"Router","part":"getRoute","extra":null},"level":300,"level_name":"WARNING","channel":"s5e8f16a2825f0","datetime":"2020-04-09T15:22:54.113417+02:00","extra":{}}
{"message":"The controller `controllers\\hello` doesn't exists! <br/>","context":{"context":"Startup","part":"runAction","extra":null},"level":300,"level_name":"WARNING","channel":"s5e8f16a2825f0","datetime":"2020-04-09T15:22:54.114026+02:00","extra":{}}
{"message":"No route found for /hello/info/Michel/","context":{"context":"Router","part":"getRoute","extra":null},"level":300,"level_name":"WARNING","channel":"s5e8f16a2825f0","datetime":"2020-04-09T15:22:58.282242+02:00","extra":{}}
{"message":"The controller `controllers\\hello` doesn't exists! <br/>","context":{"context":"Startup","part":"runAction","extra":null},"level":300,"level_name":"WARNING","channel":"s5e8f16a2825f0","datetime":"2020-04-09T15:22:58.282877+02:00","extra":{}}
{"message":"No route found for /Admin/_runAction/","context":{"context":"Router","part":"getRoute","extra":null},"level":300,"level_name":"WARNING","channel":"s5e8f16a2825f0","datetime":"2020-04-09T15:23:05.852710+02:00","extra":{}}
{"message":"No route found for /Admin/_runAction/frmGetParams/","context":{"context":"Router","part":"getRoute","extra":null},"level":300,"level_name":"WARNING","channel":"s5e8f16a2825f0","datetime":"2020-04-09T15:23:09.070688+02:00","extra":{}}
{"message":"Route found for /hello/info/(.+?)/\\[/(.*?) : controllers\\DefaultController/information","context":{"context":"Router","part":"getRouteUrlParts","extra":null},"level":200,"level_name":"INFO","channel":"s5e8f16a2825f0","datetime":"2020-04-09T15:23:09.176024+02:00","extra":{}}
{"message":"No route found for /hello/info/Michel/","context":{"context":"Router","part":"getRoute","extra":null},"level":300,"level_name":"WARNING","channel":"s5e8f16a2825f0","datetime":"2020-04-09T15:23:47.946549+02:00","extra":{}}
{"message":"The controller `controllers\\hello` doesn't exists! <br/>","context":{"context":"Startup","part":"runAction","extra":null},"level":300,"level_name":"WARNING","channel":"s5e8f16a2825f0","datetime":"2020-04-09T15:23:47.947211+02:00","extra":{}}
{"message":"No route found for /hello/info/Michel/","context":{"context":"Router","part":"getRoute","extra":null},"level":300,"level_name":"WARNING","channel":"s5e8f16a2825f0","datetime":"2020-04-09T15:23:48.709841+02:00","extra":{}}
{"message":"The controller `controllers\\hello` doesn't exists! <br/>","context":{"context":"Startup","part":"runAction","extra":null},"level":300,"level_name":"WARNING","channel":"s5e8f16a2825f0","datetime":"2020-04-09T15:23:48.710831+02:00","extra":{}}
{"message":"No route found for /hello/info/Michel/","context":{"context":"Router","part":"getRoute","extra":null},"level":300,"level_name":"WARNING","channel":"s5e8f16a2825f0","datetime":"2020-04-09T15:23:48.908492+02:00","extra":{}}
{"message":"The controller `controllers\\hello` doesn't exists! <br/>","context":{"context":"Startup","part":"runAction","extra":null},"level":300,"level_name":"WARNING","channel":"s5e8f16a2825f0","datetime":"2020-04-09T15:23:48.909174+02:00","extra":{}}
{"message":"No route found for /hello/info/Michel/","context":{"context":"Router","part":"getRoute","extra":null},"level":300,"level_name":"WARNING","channel":"s5e8f16a2825f0","datetime":"2020-04-09T15:23:49.107203+02:00","extra":{}}
{"message":"The controller `controllers\\hello` doesn't exists! <br/>","context":{"context":"Startup","part":"runAction","extra":null},"level":300,"level_name":"WARNING","channel":"s5e8f16a2825f0","datetime":"2020-04-09T15:23:49.107847+02:00","extra":{}}
{"message":"No route found for /hello/info/Michel/forever/","context":{"context":"Router","part":"getRoute","extra":null},"level":300,"level_name":"WARNING","channel":"s5e8f16a2825f0","datetime":"2020-04-09T15:23:51.515161+02:00","extra":{}}
{"message":"The controller `controllers\\hello` doesn't exists! <br/>","context":{"context":"Startup","part":"runAction","extra":null},"level":300,"level_name":"WARNING","channel":"s5e8f16a2825f0","datetime":"2020-04-09T15:23:51.515786+02:00","extra":{}}
{"message":"No route found for /Admin/Routes/","context":{"context":"Router","part":"getRoute","extra":null},"level":300,"level_name":"WARNING","channel":"s5e8f16a2825f0","datetime":"2020-04-09T15:23:59.866428+02:00","extra":{}}
{"message":"No route found for /Admin/_initCacheRouter/","context":{"context":"Router","part":"getRoute","extra":null},"level":300,"level_name":"WARNING","channel":"s5e8f16a2825f0","datetime":"2020-04-09T15:24:00.710977+02:00","extra":{}}
{"message":"No route found for /hello/info/Quick start/Ubiquity is quiet simple/","context":{"context":"Router","part":"getRoute","extra":null},"level":300,"level_name":"WARNING","channel":"s5e8f16a2825f0","datetime":"2020-04-09T15:24:25.448444+02:00","extra":{}}
{"message":"The controller `controllers\\hello` doesn't exists! <br/>","context":{"context":"Startup","part":"runAction","extra":null},"level":300,"level_name":"WARNING","channel":"s5e8f16a2825f0","datetime":"2020-04-09T15:24:25.449324+02:00","extra":{}}
{"message":"No route found for /hello/info/Michel/","context":{"context":"Router","part":"getRoute","extra":null},"level":300,"level_name":"WARNING","channel":"s5e8f16a2825f0","datetime":"2020-04-09T15:24:32.362024+02:00","extra":{}}
{"message":"The controller `controllers\\hello` doesn't exists! <br/>","context":{"context":"Startup","part":"runAction","extra":null},"level":300,"level_name":"WARNING","channel":"s5e8f16a2825f0","datetime":"2020-04-09T15:24:32.362625+02:00","extra":{}}
{"message":"No route found for /Admin/_runAction/","context":{"context":"Router","part":"getRoute","extra":null},"level":300,"level_name":"WARNING","channel":"s5e8f16a2825f0","datetime":"2020-04-09T15:24:35.293037+02:00","extra":{}}
{"message":"No route found for /hello/info/(. /","context":{"context":"Router","part":"getRoute","extra":null},"level":300,"level_name":"WARNING","channel":"s5e8f16a2825f0","datetime":"2020-04-09T15:24:35.420074+02:00","extra":{}}
{"message":"The controller `controllers\\hello` doesn't exists! <br/>","context":{"context":"Startup","part":"runAction","extra":null},"level":300,"level_name":"WARNING","channel":"s5e8f16a2825f0","datetime":"2020-04-09T15:24:35.420767+02:00","extra":{}}
{"message":"No route found for /Admin/_runAction/","context":{"context":"Router","part":"getRoute","extra":null},"level":300,"level_name":"WARNING","channel":"s5e8f16a2825f0","datetime":"2020-04-09T15:24:43.931308+02:00","extra":{}}
{"message":"No route found for /hello/info/(. /","context":{"context":"Router","part":"getRoute","extra":null},"level":300,"level_name":"WARNING","channel":"s5e8f16a2825f0","datetime":"2020-04-09T15:24:44.032099+02:00","extra":{}}
{"message":"The controller `controllers\\hello` doesn't exists! <br/>","context":{"context":"Startup","part":"runAction","extra":null},"level":300,"level_name":"WARNING","channel":"s5e8f16a2825f0","datetime":"2020-04-09T15:24:44.032798+02:00","extra":{}}
{"message":"No route found for /hello/info/Michel/","context":{"context":"Router","part":"getRoute","extra":null},"level":300,"level_name":"WARNING","channel":"s5e8f16a2825f0","datetime":"2020-04-09T15:31:10.909396+02:00","extra":{}}
{"message":"The controller `controllers\\hello` doesn't exists! <br/>","context":{"context":"Startup","part":"runAction","extra":null},"level":300,"level_name":"WARNING","channel":"s5e8f16a2825f0","datetime":"2020-04-09T15:31:10.910428+02:00","extra":{}}
{"message":"No route found for /hello/info/Quick start/Ubiquity is quiet simple/","context":{"context":"Router","part":"getRoute","extra":null},"level":300,"level_name":"WARNING","channel":"s5e8f16a2825f0","datetime":"2020-04-09T15:31:19.245244+02:00","extra":{}}
{"message":"The controller `controllers\\hello` doesn't exists! <br/>","context":{"context":"Startup","part":"runAction","extra":null},"level":300,"level_name":"WARNING","channel":"s5e8f16a2825f0","datetime":"2020-04-09T15:31:19.245915+02:00","extra":{}}
{"message":"No route found for /Admin/Routes/","context":{"context":"Router","part":"getRoute","extra":null},"level":300,"level_name":"WARNING","channel":"s5e8f16a2825f0","datetime":"2020-04-09T15:31:22.176093+02:00","extra":{}}
{"message":"No route found for /Admin/_initCacheRouter/","context":{"context":"Router","part":"getRoute","extra":null},"level":300,"level_name":"WARNING","channel":"s5e8f16a2825f0","datetime":"2020-04-09T15:31:23.165950+02:00","extra":{}}
{"message":"Route found for /hello/info/(.+?)/(.*?) : controllers\\DefaultController/information","context":{"context":"Router","part":"getRouteUrlParts","extra":null},"level":200,"level_name":"INFO","channel":"s5e8f16a2825f0","datetime":"2020-04-09T15:31:29.897083+02:00","extra":{}}
{"message":"Route found for /hello/info/(.+?)/(.*?) : controllers\\DefaultController/information","context":{"context":"Router","part":"getRouteUrlParts","extra":null},"level":200,"level_name":"INFO","channel":"s5e8f16a2825f0","datetime":"2020-04-09T15:32:53.373442+02:00","extra":{}}
{"message":"Route found for /hello/info/(.+?)/(.*?) : controllers\\DefaultController/information","context":{"context":"Router","part":"getRouteUrlParts","extra":null},"level":200,"level_name":"INFO","channel":"s5e8f16a2825f0","datetime":"2020-04-09T15:33:01.030212+02:00","extra":{}}
{"message":"Route found for /hello/info/(.+?)/(.*?) : controllers\\DefaultController/information","context":{"context":"Router","part":"getRouteUrlParts","extra":null},"level":200,"level_name":"INFO","channel":"s5e8f16a2825f0","datetime":"2020-04-09T15:33:10.861527+02:00","extra":{}}
